<?xml version="1.0" encoding="UTF-8"?>
<coverage generated="1500349426655" clover="3.2.0">
  <project timestamp="1500349426656" name="All files">
    <metrics statements="103" coveredstatements="52" conditionals="65" coveredconditionals="24" methods="37" coveredmethods="19" elements="205" coveredelements="95" complexity="0" loc="103" ncloc="103" packages="11" files="12" classes="12">
      <package name="js">
        <metrics statements="13" coveredstatements="0" conditionals="10" coveredconditionals="0" methods="5" coveredmethods="0"/>
        <file name="configureStore.js" path="/Users/ratel/code/native/yiweimatou/js/configureStore.js">
          <metrics statements="10" coveredstatements="0" conditionals="6" coveredconditionals="0" methods="3" coveredmethods="0"/>
          <line num="1" count="0" type="stmt"/>
          <line num="9" count="0" type="cond" truecount="0" falsecount="4"/>
          <line num="10" count="0" type="stmt"/>
          <line num="11" count="0" type="stmt"/>
          <line num="19" count="0" type="cond" truecount="0" falsecount="2"/>
          <line num="20" count="0" type="stmt"/>
          <line num="21" count="0" type="stmt"/>
          <line num="22" count="0" type="stmt"/>
          <line num="26" count="0" type="stmt"/>
          <line num="28" count="0" type="stmt"/>
        </file>
        <file name="index.js" path="/Users/ratel/code/native/yiweimatou/js/index.js">
          <metrics statements="3" coveredstatements="0" conditionals="4" coveredconditionals="0" methods="2" coveredmethods="0"/>
          <line num="1" count="0" type="stmt"/>
          <line num="2" count="0" type="cond" truecount="0" falsecount="4"/>
          <line num="4" count="0" type="stmt"/>
        </file>
      </package>
      <package name="js.actions">
        <metrics statements="6" coveredstatements="6" conditionals="0" coveredconditionals="0" methods="2" coveredmethods="2"/>
        <file name="index.js" path="/Users/ratel/code/native/yiweimatou/js/actions/index.js">
          <metrics statements="6" coveredstatements="6" conditionals="0" coveredconditionals="0" methods="2" coveredmethods="2"/>
          <line num="1" count="4" type="stmt"/>
          <line num="2" count="4" type="stmt"/>
          <line num="3" count="4" type="stmt"/>
          <line num="6" count="10" type="stmt"/>
          <line num="7" count="30" type="stmt"/>
          <line num="8" count="30" type="stmt"/>
        </file>
      </package>
      <package name="js.actions.auth">
        <metrics statements="12" coveredstatements="12" conditionals="0" coveredconditionals="0" methods="9" coveredmethods="9"/>
        <file name="index.js" path="/Users/ratel/code/native/yiweimatou/js/actions/auth/index.js">
          <metrics statements="12" coveredstatements="12" conditionals="0" coveredconditionals="0" methods="9" coveredmethods="9"/>
          <line num="3" count="3" type="stmt"/>
          <line num="5" count="3" type="stmt"/>
          <line num="7" count="3" type="stmt"/>
          <line num="9" count="3" type="stmt"/>
          <line num="14" count="3" type="stmt"/>
          <line num="19" count="3" type="stmt"/>
          <line num="24" count="3" type="stmt"/>
          <line num="29" count="4" type="stmt"/>
          <line num="34" count="3" type="stmt"/>
          <line num="39" count="3" type="stmt"/>
          <line num="43" count="3" type="stmt"/>
          <line num="47" count="3" type="stmt"/>
        </file>
      </package>
      <package name="js.components.App">
        <metrics statements="12" coveredstatements="0" conditionals="6" coveredconditionals="0" methods="3" coveredmethods="0"/>
        <file name="index.js" path="/Users/ratel/code/native/yiweimatou/js/components/App/index.js">
          <metrics statements="12" coveredstatements="0" conditionals="6" coveredconditionals="0" methods="3" coveredmethods="0"/>
          <line num="1" count="0" type="stmt"/>
          <line num="2" count="0" type="stmt"/>
          <line num="3" count="0" type="stmt"/>
          <line num="4" count="0" type="stmt"/>
          <line num="5" count="0" type="cond" truecount="0" falsecount="4"/>
          <line num="7" count="0" type="stmt"/>
          <line num="8" count="0" type="cond" truecount="0" falsecount="2"/>
          <line num="9" count="0" type="stmt"/>
          <line num="12" count="0" type="stmt"/>
          <line num="15" count="0" type="stmt"/>
          <line num="19" count="0" type="stmt"/>
          <line num="24" count="0" type="stmt"/>
        </file>
      </package>
      <package name="js.components.Login">
        <metrics statements="5" coveredstatements="0" conditionals="4" coveredconditionals="0" methods="2" coveredmethods="0"/>
        <file name="index.js" path="/Users/ratel/code/native/yiweimatou/js/components/Login/index.js">
          <metrics statements="5" coveredstatements="0" conditionals="4" coveredconditionals="0" methods="2" coveredmethods="0"/>
          <line num="1" count="0" type="stmt"/>
          <line num="2" count="0" type="cond" truecount="0" falsecount="4"/>
          <line num="12" count="0" type="stmt"/>
          <line num="13" count="0" type="stmt"/>
          <line num="30" count="0" type="stmt"/>
        </file>
      </package>
      <package name="js.components.Root">
        <metrics statements="9" coveredstatements="0" conditionals="4" coveredconditionals="0" methods="2" coveredmethods="0"/>
        <file name="index.js" path="/Users/ratel/code/native/yiweimatou/js/components/Root/index.js">
          <metrics statements="9" coveredstatements="0" conditionals="4" coveredconditionals="0" methods="2" coveredmethods="0"/>
          <line num="1" count="0" type="stmt"/>
          <line num="2" count="0" type="stmt"/>
          <line num="3" count="0" type="stmt"/>
          <line num="4" count="0" type="stmt"/>
          <line num="5" count="0" type="cond" truecount="0" falsecount="4"/>
          <line num="7" count="0" type="stmt"/>
          <line num="8" count="0" type="stmt"/>
          <line num="9" count="0" type="stmt"/>
          <line num="11" count="0" type="stmt"/>
        </file>
      </package>
      <package name="js.reducers">
        <metrics statements="4" coveredstatements="0" conditionals="4" coveredconditionals="0" methods="1" coveredmethods="0"/>
        <file name="index.js" path="/Users/ratel/code/native/yiweimatou/js/reducers/index.js">
          <metrics statements="4" coveredstatements="0" conditionals="4" coveredconditionals="0" methods="1" coveredmethods="0"/>
          <line num="1" count="0" type="stmt"/>
          <line num="2" count="0" type="cond" truecount="0" falsecount="4"/>
          <line num="4" count="0" type="stmt"/>
          <line num="5" count="0" type="stmt"/>
        </file>
      </package>
      <package name="js.reducers.auth">
        <metrics statements="9" coveredstatements="9" conditionals="11" coveredconditionals="11" methods="1" coveredmethods="1"/>
        <file name="index.js" path="/Users/ratel/code/native/yiweimatou/js/reducers/auth/index.js">
          <metrics statements="9" coveredstatements="9" conditionals="11" coveredconditionals="11" methods="1" coveredmethods="1"/>
          <line num="4" count="1" type="stmt"/>
          <line num="13" count="10" type="cond" truecount="10" falsecount="0"/>
          <line num="16" count="2" type="stmt"/>
          <line num="22" count="2" type="stmt"/>
          <line num="31" count="2" type="stmt"/>
          <line num="36" count="1" type="stmt"/>
          <line num="41" count="1" type="stmt"/>
          <line num="43" count="1" type="stmt"/>
          <line num="48" count="1" type="stmt"/>
        </file>
      </package>
      <package name="js.sagas">
        <metrics statements="4" coveredstatements="0" conditionals="9" coveredconditionals="0" methods="4" coveredmethods="0"/>
        <file name="index.js" path="/Users/ratel/code/native/yiweimatou/js/sagas/index.js">
          <metrics statements="4" coveredstatements="0" conditionals="9" coveredconditionals="0" methods="4" coveredmethods="0"/>
          <line num="1" count="0" type="stmt"/>
          <line num="2" count="0" type="cond" truecount="0" falsecount="4"/>
          <line num="4" count="0" type="cond" truecount="0" falsecount="5"/>
          <line num="6" count="0" type="stmt"/>
        </file>
      </package>
      <package name="js.sagas.auth">
        <metrics statements="8" coveredstatements="6" conditionals="0" coveredconditionals="0" methods="3" coveredmethods="2"/>
        <file name="index.js" path="/Users/ratel/code/native/yiweimatou/js/sagas/auth/index.js">
          <metrics statements="8" coveredstatements="6" conditionals="0" coveredconditionals="0" methods="3" coveredmethods="2"/>
          <line num="7" count="2" type="stmt"/>
          <line num="8" count="2" type="stmt"/>
          <line num="9" count="1" type="stmt"/>
          <line num="11" count="0" type="stmt"/>
          <line num="16" count="1" type="stmt"/>
          <line num="17" count="1" type="stmt"/>
          <line num="18" count="1" type="stmt"/>
          <line num="23" count="0" type="stmt"/>
        </file>
      </package>
      <package name="js.services">
        <metrics statements="21" coveredstatements="19" conditionals="17" coveredconditionals="13" methods="5" coveredmethods="5"/>
        <file name="api.js" path="/Users/ratel/code/native/yiweimatou/js/services/api.js">
          <metrics statements="21" coveredstatements="19" conditionals="17" coveredconditionals="13" methods="5" coveredmethods="5"/>
          <line num="4" count="2" type="stmt"/>
          <line num="7" count="6" type="cond" truecount="2" falsecount="0"/>
          <line num="8" count="3" type="stmt"/>
          <line num="10" count="3" type="stmt"/>
          <line num="11" count="3" type="stmt"/>
          <line num="12" count="3" type="stmt"/>
          <line num="13" count="3" type="cond" truecount="1" falsecount="1"/>
          <line num="14" count="0" type="stmt"/>
          <line num="15" count="3" type="cond" truecount="2" falsecount="0"/>
          <line num="16" count="1" type="stmt"/>
          <line num="18" count="2" type="stmt"/>
          <line num="19" count="4" type="stmt"/>
          <line num="21" count="2" type="stmt"/>
          <line num="27" count="6" type="cond" truecount="1" falsecount="1"/>
          <line num="29" count="6" type="stmt"/>
          <line num="40" count="4" type="cond" truecount="1" falsecount="1"/>
          <line num="41" count="4" type="stmt"/>
          <line num="43" count="0" type="stmt"/>
          <line num="46" count="4" type="cond" truecount="2" falsecount="0"/>
          <line num="47" count="3" type="stmt"/>
          <line num="49" count="1" type="cond" truecount="1" falsecount="1"/>
        </file>
      </package>
    </metrics>
  </project>
</coverage>
