{"/Users/ratel/code/native/yiweimatou/js/configureStore.js": {"path":"/Users/ratel/code/native/yiweimatou/js/configureStore.js","statementMap":{"0":{"start":{"line":1,"column":0},"end":{"line":1,"column":57}},"1":{"start":{"line":1,"column":57},"end":{"line":9,"column":15}},"2":{"start":{"line":9,"column":26},"end":{"line":9,"column":42}},"3":{"start":{"line":9,"column":58},"end":{"line":9,"column":79}},"4":{"start":{"line":9,"column":96},"end":{"line":9,"column":130}},"5":{"start":{"line":9,"column":145},"end":{"line":9,"column":166}},"6":{"start":{"line":9,"column":182},"end":{"line":9,"column":215}},"7":{"start":{"line":9,"column":253},"end":{"line":9,"column":298}},"8":{"start":{"line":10,"column":19},"end":{"line":10,"column":44}},"9":{"start":{"line":11,"column":10},"end":{"line":15,"column":44}},"10":{"start":{"line":19,"column":0},"end":{"line":24,"column":1}},"11":{"start":{"line":20,"column":0},"end":{"line":23,"column":3}},"12":{"start":{"line":21,"column":17},"end":{"line":21,"column":46}},"13":{"start":{"line":22,"column":0},"end":{"line":22,"column":35}},"14":{"start":{"line":26,"column":0},"end":{"line":26,"column":33}},"15":{"start":{"line":28,"column":0},"end":{"line":28,"column":13}}},"fnMap":{"0":{"name":"_interopRequireDefault","decl":{"start":{"line":9,"column":225},"end":{"line":9,"column":247}},"loc":{"start":{"line":9,"column":252},"end":{"line":9,"column":299}},"line":9},"1":{"name":"configureStore","decl":{"start":{"line":9,"column":308},"end":{"line":9,"column":322}},"loc":{"start":{"line":9,"column":336},"end":{"line":29,"column":1}},"line":9},"2":{"name":"(anonymous_2)","decl":{"start":{"line":20,"column":31},"end":{"line":20,"column":32}},"loc":{"start":{"line":20,"column":41},"end":{"line":23,"column":1}},"line":20}},"branchMap":{"0":{"loc":{"start":{"line":9,"column":260},"end":{"line":9,"column":297}},"type":"cond-expr","locations":[{"start":{"line":9,"column":280},"end":{"line":9,"column":283}},{"start":{"line":9,"column":284},"end":{"line":9,"column":297}}],"line":9},"1":{"loc":{"start":{"line":9,"column":260},"end":{"line":9,"column":279}},"type":"binary-expr","locations":[{"start":{"line":9,"column":260},"end":{"line":9,"column":263}},{"start":{"line":9,"column":265},"end":{"line":9,"column":279}}],"line":9},"2":{"loc":{"start":{"line":19,"column":0},"end":{"line":24,"column":1}},"type":"if","locations":[{"start":{"line":19,"column":0},"end":{"line":24,"column":1}},{"start":{"line":19,"column":0},"end":{"line":24,"column":1}}],"line":19}},"s":{"0":0,"1":0,"2":0,"3":0,"4":0,"5":0,"6":0,"7":0,"8":0,"9":0,"10":0,"11":0,"12":0,"13":0,"14":0,"15":0},"f":{"0":0,"1":0,"2":0},"b":{"0":[0,0],"1":[0,0],"2":[0,0]}}
,"/Users/ratel/code/native/yiweimatou/js/index.js": {"path":"/Users/ratel/code/native/yiweimatou/js/index.js","statementMap":{"0":{"start":{"line":1,"column":17},"end":{"line":1,"column":40}},"1":{"start":{"line":2,"column":10},"end":{"line":2,"column":38}},"2":{"start":{"line":2,"column":50},"end":{"line":2,"column":79}},"3":{"start":{"line":2,"column":117},"end":{"line":2,"column":162}},"4":{"start":{"line":4,"column":0},"end":{"line":4,"column":92}},"5":{"start":{"line":4,"column":67},"end":{"line":4,"column":89}}},"fnMap":{"0":{"name":"_interopRequireDefault","decl":{"start":{"line":2,"column":89},"end":{"line":2,"column":111}},"loc":{"start":{"line":2,"column":116},"end":{"line":2,"column":163}},"line":2},"1":{"name":"(anonymous_1)","decl":{"start":{"line":4,"column":56},"end":{"line":4,"column":57}},"loc":{"start":{"line":4,"column":66},"end":{"line":4,"column":90}},"line":4}},"branchMap":{"0":{"loc":{"start":{"line":2,"column":124},"end":{"line":2,"column":161}},"type":"cond-expr","locations":[{"start":{"line":2,"column":144},"end":{"line":2,"column":147}},{"start":{"line":2,"column":148},"end":{"line":2,"column":161}}],"line":2},"1":{"loc":{"start":{"line":2,"column":124},"end":{"line":2,"column":143}},"type":"binary-expr","locations":[{"start":{"line":2,"column":124},"end":{"line":2,"column":127}},{"start":{"line":2,"column":129},"end":{"line":2,"column":143}}],"line":2}},"s":{"0":0,"1":0,"2":0,"3":0,"4":0,"5":0},"f":{"0":0,"1":0},"b":{"0":[0,0],"1":[0,0]}}
,"/Users/ratel/code/native/yiweimatou/js/actions/index.js": {"path":"/Users/ratel/code/native/yiweimatou/js/actions/index.js","statementMap":{"0":{"start":{"line":1,"column":23},"end":{"line":1,"column":32}},"1":{"start":{"line":2,"column":23},"end":{"line":2,"column":32}},"2":{"start":{"line":3,"column":23},"end":{"line":3,"column":32}},"3":{"start":{"line":6,"column":2},"end":{"line":9,"column":9}},"4":{"start":{"line":7,"column":4},"end":{"line":7,"column":34}},"5":{"start":{"line":8,"column":4},"end":{"line":8,"column":15}}},"fnMap":{"0":{"name":"createRequestType","decl":{"start":{"line":5,"column":16},"end":{"line":5,"column":33}},"loc":{"start":{"line":5,"column":40},"end":{"line":10,"column":1}},"line":5},"1":{"name":"(anonymous_1)","decl":{"start":{"line":6,"column":44},"end":{"line":6,"column":45}},"loc":{"start":{"line":6,"column":59},"end":{"line":9,"column":3}},"line":6}},"branchMap":{},"s":{"0":4,"1":4,"2":4,"3":10,"4":30,"5":30},"f":{"0":10,"1":30},"b":{},"_coverageSchema":"332fd63041d2c1bcb487cc26dd0d5f7d97098a6c","hash":"ab1f47c7894d55500e2cb35276622ba17136fe29"}
,"/Users/ratel/code/native/yiweimatou/js/actions/auth/index.js": {"path":"/Users/ratel/code/native/yiweimatou/js/actions/auth/index.js","statementMap":{"0":{"start":{"line":3,"column":30},"end":{"line":3,"column":65}},"1":{"start":{"line":5,"column":31},"end":{"line":5,"column":67}},"2":{"start":{"line":7,"column":22},"end":{"line":7,"column":49}},"3":{"start":{"line":9,"column":29},"end":{"line":12,"column":2}},"4":{"start":{"line":9,"column":38},"end":{"line":12,"column":1}},"5":{"start":{"line":14,"column":36},"end":{"line":17,"column":2}},"6":{"start":{"line":14,"column":49},"end":{"line":17,"column":1}},"7":{"start":{"line":19,"column":36},"end":{"line":22,"column":2}},"8":{"start":{"line":19,"column":46},"end":{"line":22,"column":1}},"9":{"start":{"line":24,"column":28},"end":{"line":27,"column":2}},"10":{"start":{"line":24,"column":40},"end":{"line":27,"column":1}},"11":{"start":{"line":29,"column":35},"end":{"line":32,"column":2}},"12":{"start":{"line":29,"column":48},"end":{"line":32,"column":1}},"13":{"start":{"line":34,"column":35},"end":{"line":37,"column":2}},"14":{"start":{"line":34,"column":45},"end":{"line":37,"column":1}},"15":{"start":{"line":39,"column":29},"end":{"line":41,"column":2}},"16":{"start":{"line":39,"column":36},"end":{"line":41,"column":1}},"17":{"start":{"line":43,"column":29},"end":{"line":45,"column":2}},"18":{"start":{"line":43,"column":36},"end":{"line":45,"column":1}},"19":{"start":{"line":47,"column":29},"end":{"line":50,"column":2}},"20":{"start":{"line":47,"column":39},"end":{"line":50,"column":1}}},"fnMap":{"0":{"name":"(anonymous_0)","decl":{"start":{"line":9,"column":29},"end":{"line":9,"column":30}},"loc":{"start":{"line":9,"column":38},"end":{"line":12,"column":1}},"line":9},"1":{"name":"(anonymous_1)","decl":{"start":{"line":14,"column":36},"end":{"line":14,"column":37}},"loc":{"start":{"line":14,"column":49},"end":{"line":17,"column":1}},"line":14},"2":{"name":"(anonymous_2)","decl":{"start":{"line":19,"column":36},"end":{"line":19,"column":37}},"loc":{"start":{"line":19,"column":46},"end":{"line":22,"column":1}},"line":19},"3":{"name":"(anonymous_3)","decl":{"start":{"line":24,"column":28},"end":{"line":24,"column":29}},"loc":{"start":{"line":24,"column":40},"end":{"line":27,"column":1}},"line":24},"4":{"name":"(anonymous_4)","decl":{"start":{"line":29,"column":35},"end":{"line":29,"column":36}},"loc":{"start":{"line":29,"column":48},"end":{"line":32,"column":1}},"line":29},"5":{"name":"(anonymous_5)","decl":{"start":{"line":34,"column":35},"end":{"line":34,"column":36}},"loc":{"start":{"line":34,"column":45},"end":{"line":37,"column":1}},"line":34},"6":{"name":"(anonymous_6)","decl":{"start":{"line":39,"column":29},"end":{"line":39,"column":30}},"loc":{"start":{"line":39,"column":36},"end":{"line":41,"column":1}},"line":39},"7":{"name":"(anonymous_7)","decl":{"start":{"line":43,"column":29},"end":{"line":43,"column":30}},"loc":{"start":{"line":43,"column":36},"end":{"line":45,"column":1}},"line":43},"8":{"name":"(anonymous_8)","decl":{"start":{"line":47,"column":29},"end":{"line":47,"column":30}},"loc":{"start":{"line":47,"column":39},"end":{"line":50,"column":1}},"line":47}},"branchMap":{},"s":{"0":3,"1":3,"2":3,"3":3,"4":2,"5":3,"6":2,"7":3,"8":2,"9":3,"10":3,"11":3,"12":4,"13":3,"14":2,"15":3,"16":2,"17":3,"18":2,"19":3,"20":2},"f":{"0":2,"1":2,"2":2,"3":3,"4":4,"5":2,"6":2,"7":2,"8":2},"b":{},"_coverageSchema":"332fd63041d2c1bcb487cc26dd0d5f7d97098a6c","hash":"df694c696922ddf9af47de8c1b35bcb6e28acede"}
,"/Users/ratel/code/native/yiweimatou/js/components/App/index.js": {"path":"/Users/ratel/code/native/yiweimatou/js/components/App/index.js","statementMap":{"0":{"start":{"line":1,"column":0},"end":{"line":1,"column":57}},"1":{"start":{"line":1,"column":57},"end":{"line":1,"column":79}},"2":{"start":{"line":1,"column":90},"end":{"line":1,"column":106}},"3":{"start":{"line":1,"column":119},"end":{"line":1,"column":149}},"4":{"start":{"line":2,"column":15},"end":{"line":2,"column":36}},"5":{"start":{"line":2,"column":53},"end":{"line":2,"column":87}},"6":{"start":{"line":3,"column":16},"end":{"line":3,"column":38}},"7":{"start":{"line":4,"column":17},"end":{"line":4,"column":40}},"8":{"start":{"line":5,"column":11},"end":{"line":5,"column":30}},"9":{"start":{"line":5,"column":43},"end":{"line":5,"column":73}},"10":{"start":{"line":5,"column":111},"end":{"line":5,"column":156}},"11":{"start":{"line":7,"column":8},"end":{"line":13,"column":1}},"12":{"start":{"line":8,"column":0},"end":{"line":10,"column":1}},"13":{"start":{"line":9,"column":0},"end":{"line":9,"column":59}},"14":{"start":{"line":12,"column":0},"end":{"line":12,"column":74}},"15":{"start":{"line":15,"column":0},"end":{"line":19,"column":36}},"16":{"start":{"line":19,"column":36},"end":{"line":27,"column":5}},"17":{"start":{"line":24,"column":16},"end":{"line":25,"column":17}}},"fnMap":{"0":{"name":"_interopRequireDefault","decl":{"start":{"line":5,"column":83},"end":{"line":5,"column":105}},"loc":{"start":{"line":5,"column":110},"end":{"line":5,"column":157}},"line":5},"1":{"name":"App","decl":{"start":{"line":7,"column":29},"end":{"line":7,"column":32}},"loc":{"start":{"line":7,"column":39},"end":{"line":13,"column":1}},"line":7},"2":{"name":"(anonymous_2)","decl":{"start":{"line":24,"column":0},"end":{"line":24,"column":1}},"loc":{"start":{"line":24,"column":15},"end":{"line":25,"column":18}},"line":24}},"branchMap":{"0":{"loc":{"start":{"line":5,"column":118},"end":{"line":5,"column":155}},"type":"cond-expr","locations":[{"start":{"line":5,"column":138},"end":{"line":5,"column":141}},{"start":{"line":5,"column":142},"end":{"line":5,"column":155}}],"line":5},"1":{"loc":{"start":{"line":5,"column":118},"end":{"line":5,"column":137}},"type":"binary-expr","locations":[{"start":{"line":5,"column":118},"end":{"line":5,"column":121}},{"start":{"line":5,"column":123},"end":{"line":5,"column":137}}],"line":5},"2":{"loc":{"start":{"line":8,"column":0},"end":{"line":10,"column":1}},"type":"if","locations":[{"start":{"line":8,"column":0},"end":{"line":10,"column":1}},{"start":{"line":8,"column":0},"end":{"line":10,"column":1}}],"line":8}},"s":{"0":0,"1":0,"2":0,"3":0,"4":0,"5":0,"6":0,"7":0,"8":0,"9":0,"10":0,"11":0,"12":0,"13":0,"14":0,"15":0,"16":0,"17":0},"f":{"0":0,"1":0,"2":0},"b":{"0":[0,0],"1":[0,0],"2":[0,0]}}
,"/Users/ratel/code/native/yiweimatou/js/components/Login/index.js": {"path":"/Users/ratel/code/native/yiweimatou/js/components/Login/index.js","statementMap":{"0":{"start":{"line":1,"column":0},"end":{"line":1,"column":57}},"1":{"start":{"line":1,"column":68},"end":{"line":1,"column":84}},"2":{"start":{"line":1,"column":97},"end":{"line":1,"column":127}},"3":{"start":{"line":2,"column":16},"end":{"line":2,"column":38}},"4":{"start":{"line":2,"column":76},"end":{"line":2,"column":121}},"5":{"start":{"line":12,"column":10},"end":{"line":30,"column":1}},"6":{"start":{"line":13,"column":0},"end":{"line":24,"column":73}},"7":{"start":{"line":30,"column":2},"end":{"line":32,"column":6}}},"fnMap":{"0":{"name":"_interopRequireDefault","decl":{"start":{"line":2,"column":48},"end":{"line":2,"column":70}},"loc":{"start":{"line":2,"column":75},"end":{"line":2,"column":122}},"line":2},"1":{"name":"Login","decl":{"start":{"line":12,"column":19},"end":{"line":12,"column":24}},"loc":{"start":{"line":12,"column":26},"end":{"line":30,"column":1}},"line":12}},"branchMap":{"0":{"loc":{"start":{"line":2,"column":83},"end":{"line":2,"column":120}},"type":"cond-expr","locations":[{"start":{"line":2,"column":103},"end":{"line":2,"column":106}},{"start":{"line":2,"column":107},"end":{"line":2,"column":120}}],"line":2},"1":{"loc":{"start":{"line":2,"column":83},"end":{"line":2,"column":102}},"type":"binary-expr","locations":[{"start":{"line":2,"column":83},"end":{"line":2,"column":86}},{"start":{"line":2,"column":88},"end":{"line":2,"column":102}}],"line":2}},"s":{"0":0,"1":0,"2":0,"3":0,"4":0,"5":0,"6":0,"7":0},"f":{"0":0,"1":0},"b":{"0":[0,0],"1":[0,0]}}
,"/Users/ratel/code/native/yiweimatou/js/components/Root/index.js": {"path":"/Users/ratel/code/native/yiweimatou/js/components/Root/index.js","statementMap":{"0":{"start":{"line":1,"column":0},"end":{"line":1,"column":57}},"1":{"start":{"line":1,"column":68},"end":{"line":1,"column":84}},"2":{"start":{"line":1,"column":97},"end":{"line":1,"column":127}},"3":{"start":{"line":2,"column":16},"end":{"line":2,"column":38}},"4":{"start":{"line":3,"column":20},"end":{"line":3,"column":51}},"5":{"start":{"line":3,"column":73},"end":{"line":3,"column":112}},"6":{"start":{"line":4,"column":9},"end":{"line":4,"column":26}},"7":{"start":{"line":4,"column":37},"end":{"line":4,"column":65}},"8":{"start":{"line":5,"column":11},"end":{"line":5,"column":33}},"9":{"start":{"line":5,"column":46},"end":{"line":5,"column":76}},"10":{"start":{"line":5,"column":114},"end":{"line":5,"column":159}},"11":{"start":{"line":7,"column":10},"end":{"line":7,"column":49}},"12":{"start":{"line":8,"column":0},"end":{"line":8,"column":31}},"13":{"start":{"line":9,"column":9},"end":{"line":11,"column":53}},"14":{"start":{"line":9,"column":25},"end":{"line":11,"column":52}},"15":{"start":{"line":11,"column":54},"end":{"line":14,"column":5}}},"fnMap":{"0":{"name":"_interopRequireDefault","decl":{"start":{"line":5,"column":86},"end":{"line":5,"column":108}},"loc":{"start":{"line":5,"column":113},"end":{"line":5,"column":160}},"line":5},"1":{"name":"Root","decl":{"start":{"line":9,"column":18},"end":{"line":9,"column":22}},"loc":{"start":{"line":9,"column":24},"end":{"line":11,"column":53}},"line":9}},"branchMap":{"0":{"loc":{"start":{"line":5,"column":121},"end":{"line":5,"column":158}},"type":"cond-expr","locations":[{"start":{"line":5,"column":141},"end":{"line":5,"column":144}},{"start":{"line":5,"column":145},"end":{"line":5,"column":158}}],"line":5},"1":{"loc":{"start":{"line":5,"column":121},"end":{"line":5,"column":140}},"type":"binary-expr","locations":[{"start":{"line":5,"column":121},"end":{"line":5,"column":124}},{"start":{"line":5,"column":126},"end":{"line":5,"column":140}}],"line":5}},"s":{"0":0,"1":0,"2":0,"3":0,"4":0,"5":0,"6":0,"7":0,"8":0,"9":0,"10":0,"11":0,"12":0,"13":0,"14":0,"15":0},"f":{"0":0,"1":0},"b":{"0":[0,0],"1":[0,0]}}
,"/Users/ratel/code/native/yiweimatou/js/reducers/index.js": {"path":"/Users/ratel/code/native/yiweimatou/js/reducers/index.js","statementMap":{"0":{"start":{"line":1,"column":0},"end":{"line":1,"column":57}},"1":{"start":{"line":1,"column":68},"end":{"line":1,"column":84}},"2":{"start":{"line":2,"column":10},"end":{"line":2,"column":27}},"3":{"start":{"line":2,"column":39},"end":{"line":2,"column":68}},"4":{"start":{"line":2,"column":106},"end":{"line":2,"column":151}},"5":{"start":{"line":4,"column":16},"end":{"line":5,"column":21}},"6":{"start":{"line":5,"column":22},"end":{"line":8,"column":12}}},"fnMap":{"0":{"name":"_interopRequireDefault","decl":{"start":{"line":2,"column":78},"end":{"line":2,"column":100}},"loc":{"start":{"line":2,"column":105},"end":{"line":2,"column":152}},"line":2}},"branchMap":{"0":{"loc":{"start":{"line":2,"column":113},"end":{"line":2,"column":150}},"type":"cond-expr","locations":[{"start":{"line":2,"column":133},"end":{"line":2,"column":136}},{"start":{"line":2,"column":137},"end":{"line":2,"column":150}}],"line":2},"1":{"loc":{"start":{"line":2,"column":113},"end":{"line":2,"column":132}},"type":"binary-expr","locations":[{"start":{"line":2,"column":113},"end":{"line":2,"column":116}},{"start":{"line":2,"column":118},"end":{"line":2,"column":132}}],"line":2}},"s":{"0":0,"1":0,"2":0,"3":0,"4":0,"5":0,"6":0},"f":{"0":0},"b":{"0":[0,0],"1":[0,0]}}
,"/Users/ratel/code/native/yiweimatou/js/reducers/auth/index.js": {"path":"/Users/ratel/code/native/yiweimatou/js/reducers/auth/index.js","statementMap":{"0":{"start":{"line":4,"column":21},"end":{"line":10,"column":1}},"1":{"start":{"line":13,"column":2},"end":{"line":49,"column":3}},"2":{"start":{"line":16,"column":6},"end":{"line":19,"column":7}},"3":{"start":{"line":22,"column":6},"end":{"line":28,"column":7}},"4":{"start":{"line":31,"column":6},"end":{"line":34,"column":7}},"5":{"start":{"line":36,"column":6},"end":{"line":39,"column":7}},"6":{"start":{"line":41,"column":6},"end":{"line":41,"column":26}},"7":{"start":{"line":43,"column":6},"end":{"line":46,"column":7}},"8":{"start":{"line":48,"column":6},"end":{"line":48,"column":19}}},"fnMap":{"0":{"name":"authReducer","decl":{"start":{"line":12,"column":24},"end":{"line":12,"column":35}},"loc":{"start":{"line":12,"column":66},"end":{"line":50,"column":1}},"line":12}},"branchMap":{"0":{"loc":{"start":{"line":12,"column":36},"end":{"line":12,"column":56}},"type":"default-arg","locations":[{"start":{"line":12,"column":44},"end":{"line":12,"column":56}}],"line":12},"1":{"loc":{"start":{"line":13,"column":2},"end":{"line":49,"column":3}},"type":"switch","locations":[{"start":{"line":14,"column":4},"end":{"line":14,"column":48}},{"start":{"line":15,"column":4},"end":{"line":19,"column":7}},{"start":{"line":20,"column":4},"end":{"line":20,"column":48}},{"start":{"line":21,"column":4},"end":{"line":28,"column":7}},{"start":{"line":29,"column":4},"end":{"line":29,"column":48}},{"start":{"line":30,"column":4},"end":{"line":34,"column":7}},{"start":{"line":35,"column":4},"end":{"line":39,"column":7}},{"start":{"line":40,"column":4},"end":{"line":41,"column":26}},{"start":{"line":42,"column":4},"end":{"line":46,"column":7}},{"start":{"line":47,"column":4},"end":{"line":48,"column":19}}],"line":13}},"s":{"0":1,"1":10,"2":2,"3":2,"4":2,"5":1,"6":1,"7":1,"8":1},"f":{"0":10},"b":{"0":[1],"1":[1,2,1,2,1,2,1,1,1,1]},"_coverageSchema":"332fd63041d2c1bcb487cc26dd0d5f7d97098a6c","hash":"3e338996dc0aeb4eb2642236a0080db410259b48"}
,"/Users/ratel/code/native/yiweimatou/js/sagas/index.js": {"path":"/Users/ratel/code/native/yiweimatou/js/sagas/index.js","statementMap":{"0":{"start":{"line":1,"column":0},"end":{"line":1,"column":57}},"1":{"start":{"line":1,"column":67},"end":{"line":1,"column":84}},"2":{"start":{"line":1,"column":96},"end":{"line":1,"column":125}},"3":{"start":{"line":2,"column":13},"end":{"line":2,"column":42}},"4":{"start":{"line":2,"column":80},"end":{"line":2,"column":125}},"5":{"start":{"line":2,"column":138},"end":{"line":4,"column":38}},"6":{"start":{"line":4,"column":72},"end":{"line":4,"column":206}},"7":{"start":{"line":4,"column":95},"end":{"line":4,"column":164}},"8":{"start":{"line":4,"column":148},"end":{"line":4,"column":163}},"9":{"start":{"line":4,"column":164},"end":{"line":4,"column":176}},"10":{"start":{"line":4,"column":182},"end":{"line":4,"column":205}},"11":{"start":{"line":4,"column":227},"end":{"line":6,"column":86}},"12":{"start":{"line":4,"column":287},"end":{"line":6,"column":67}},"13":{"start":{"line":4,"column":296},"end":{"line":6,"column":66}},"14":{"start":{"line":4,"column":339},"end":{"line":4,"column":355}},"15":{"start":{"line":4,"column":355},"end":{"line":6,"column":25}},"16":{"start":{"line":6,"column":42},"end":{"line":6,"column":65}},"17":{"start":{"line":6,"column":87},"end":{"line":10,"column":9}}},"fnMap":{"0":{"name":"_interopRequireDefault","decl":{"start":{"line":2,"column":52},"end":{"line":2,"column":74}},"loc":{"start":{"line":2,"column":79},"end":{"line":2,"column":126}},"line":2},"1":{"name":"_toConsumableArray","decl":{"start":{"line":4,"column":48},"end":{"line":4,"column":66}},"loc":{"start":{"line":4,"column":71},"end":{"line":4,"column":207}},"line":4},"2":{"name":"rootSaga","decl":{"start":{"line":4,"column":216},"end":{"line":4,"column":224}},"loc":{"start":{"line":4,"column":226},"end":{"line":6,"column":87}},"line":4},"3":{"name":"rootSaga$","decl":{"start":{"line":4,"column":267},"end":{"line":4,"column":276}},"loc":{"start":{"line":4,"column":286},"end":{"line":6,"column":68}},"line":4}},"branchMap":{"0":{"loc":{"start":{"line":2,"column":87},"end":{"line":2,"column":124}},"type":"cond-expr","locations":[{"start":{"line":2,"column":107},"end":{"line":2,"column":110}},{"start":{"line":2,"column":111},"end":{"line":2,"column":124}}],"line":2},"1":{"loc":{"start":{"line":2,"column":87},"end":{"line":2,"column":106}},"type":"binary-expr","locations":[{"start":{"line":2,"column":87},"end":{"line":2,"column":90}},{"start":{"line":2,"column":92},"end":{"line":2,"column":106}}],"line":2},"2":{"loc":{"start":{"line":4,"column":72},"end":{"line":4,"column":206}},"type":"if","locations":[{"start":{"line":4,"column":72},"end":{"line":4,"column":206}},{"start":{"line":4,"column":72},"end":{"line":4,"column":206}}],"line":4},"3":{"loc":{"start":{"line":4,"column":296},"end":{"line":6,"column":66}},"type":"switch","locations":[{"start":{"line":4,"column":332},"end":{"line":6,"column":25}},{"start":{"line":6,"column":25},"end":{"line":6,"column":32}},{"start":{"line":6,"column":32},"end":{"line":6,"column":65}}],"line":4}},"s":{"0":0,"1":0,"2":0,"3":0,"4":0,"5":0,"6":0,"7":0,"8":0,"9":0,"10":0,"11":0,"12":0,"13":0,"14":0,"15":0,"16":0,"17":0},"f":{"0":0,"1":0,"2":0,"3":0},"b":{"0":[0,0],"1":[0,0],"2":[0,0],"3":[0,0,0]}}
,"/Users/ratel/code/native/yiweimatou/js/sagas/auth/index.js": {"path":"/Users/ratel/code/native/yiweimatou/js/sagas/auth/index.js","statementMap":{"0":{"start":{"line":7,"column":2},"end":{"line":12,"column":3}},"1":{"start":{"line":8,"column":21},"end":{"line":8,"column":68}},"2":{"start":{"line":9,"column":4},"end":{"line":9,"column":53}},"3":{"start":{"line":11,"column":4},"end":{"line":11,"column":50}},"4":{"start":{"line":16,"column":2},"end":{"line":19,"column":3}},"5":{"start":{"line":17,"column":24},"end":{"line":17,"column":73}},"6":{"start":{"line":18,"column":4},"end":{"line":18,"column":31}},"7":{"start":{"line":23,"column":2},"end":{"line":23,"column":28}}},"fnMap":{"0":{"name":"login","decl":{"start":{"line":6,"column":17},"end":{"line":6,"column":22}},"loc":{"start":{"line":6,"column":32},"end":{"line":13,"column":1}},"line":6},"1":{"name":"watchLogin","decl":{"start":{"line":15,"column":17},"end":{"line":15,"column":27}},"loc":{"start":{"line":15,"column":30},"end":{"line":20,"column":1}},"line":15},"2":{"name":"authSaga","decl":{"start":{"line":22,"column":24},"end":{"line":22,"column":32}},"loc":{"start":{"line":22,"column":35},"end":{"line":24,"column":1}},"line":22}},"branchMap":{},"s":{"0":2,"1":2,"2":1,"3":0,"4":1,"5":1,"6":1,"7":0},"f":{"0":2,"1":1,"2":0},"b":{},"_coverageSchema":"332fd63041d2c1bcb487cc26dd0d5f7d97098a6c","hash":"7de8cc33048a66374dd90dc0b0e4f97d6d05be0f"}
,"/Users/ratel/code/native/yiweimatou/js/services/api.js": {"path":"/Users/ratel/code/native/yiweimatou/js/services/api.js","statementMap":{"0":{"start":{"line":4,"column":24},"end":{"line":4,"column":53}},"1":{"start":{"line":7,"column":2},"end":{"line":9,"column":3}},"2":{"start":{"line":8,"column":4},"end":{"line":8,"column":16}},"3":{"start":{"line":10,"column":10},"end":{"line":10,"column":12}},"4":{"start":{"line":11,"column":16},"end":{"line":11,"column":28}},"5":{"start":{"line":12,"column":17},"end":{"line":12,"column":29}},"6":{"start":{"line":13,"column":2},"end":{"line":22,"column":3}},"7":{"start":{"line":14,"column":4},"end":{"line":14,"column":16}},"8":{"start":{"line":15,"column":9},"end":{"line":22,"column":3}},"9":{"start":{"line":16,"column":4},"end":{"line":16,"column":45}},"10":{"start":{"line":18,"column":4},"end":{"line":20,"column":7}},"11":{"start":{"line":19,"column":6},"end":{"line":19,"column":38}},"12":{"start":{"line":21,"column":4},"end":{"line":21,"column":13}},"13":{"start":{"line":27,"column":4},"end":{"line":27,"column":70}},"14":{"start":{"line":29,"column":2},"end":{"line":51,"column":7}},"15":{"start":{"line":40,"column":6},"end":{"line":42,"column":7}},"16":{"start":{"line":41,"column":8},"end":{"line":41,"column":31}},"17":{"start":{"line":43,"column":6},"end":{"line":43,"column":51}},"18":{"start":{"line":46,"column":6},"end":{"line":50,"column":7}},"19":{"start":{"line":47,"column":8},"end":{"line":47,"column":20}},"20":{"start":{"line":49,"column":8},"end":{"line":49,"column":59}}},"fnMap":{"0":{"name":"object2String","decl":{"start":{"line":6,"column":9},"end":{"line":6,"column":22}},"loc":{"start":{"line":6,"column":31},"end":{"line":23,"column":1}},"line":6},"1":{"name":"(anonymous_1)","decl":{"start":{"line":18,"column":14},"end":{"line":18,"column":15}},"loc":{"start":{"line":18,"column":24},"end":{"line":20,"column":5}},"line":18},"2":{"name":"callApi","decl":{"start":{"line":25,"column":9},"end":{"line":25,"column":16}},"loc":{"start":{"line":25,"column":51},"end":{"line":52,"column":1}},"line":25},"3":{"name":"(anonymous_3)","decl":{"start":{"line":39,"column":10},"end":{"line":39,"column":11}},"loc":{"start":{"line":39,"column":22},"end":{"line":44,"column":5}},"line":39},"4":{"name":"(anonymous_4)","decl":{"start":{"line":45,"column":10},"end":{"line":45,"column":11}},"loc":{"start":{"line":45,"column":18},"end":{"line":51,"column":5}},"line":45}},"branchMap":{"0":{"loc":{"start":{"line":7,"column":2},"end":{"line":9,"column":3}},"type":"if","locations":[{"start":{"line":7,"column":2},"end":{"line":9,"column":3}},{"start":{"line":7,"column":2},"end":{"line":9,"column":3}}],"line":7},"1":{"loc":{"start":{"line":13,"column":2},"end":{"line":22,"column":3}},"type":"if","locations":[{"start":{"line":13,"column":2},"end":{"line":22,"column":3}},{"start":{"line":13,"column":2},"end":{"line":22,"column":3}}],"line":13},"2":{"loc":{"start":{"line":15,"column":9},"end":{"line":22,"column":3}},"type":"if","locations":[{"start":{"line":15,"column":9},"end":{"line":22,"column":3}},{"start":{"line":15,"column":9},"end":{"line":22,"column":3}}],"line":15},"3":{"loc":{"start":{"line":25,"column":35},"end":{"line":25,"column":49}},"type":"default-arg","locations":[{"start":{"line":25,"column":44},"end":{"line":25,"column":49}}],"line":25},"4":{"loc":{"start":{"line":27,"column":4},"end":{"line":27,"column":70}},"type":"cond-expr","locations":[{"start":{"line":27,"column":40},"end":{"line":27,"column":59}},{"start":{"line":27,"column":62},"end":{"line":27,"column":70}}],"line":27},"5":{"loc":{"start":{"line":33,"column":8},"end":{"line":35,"column":47}},"type":"cond-expr","locations":[{"start":{"line":34,"column":12},"end":{"line":34,"column":30}},{"start":{"line":35,"column":12},"end":{"line":35,"column":47}}],"line":33},"6":{"loc":{"start":{"line":40,"column":6},"end":{"line":42,"column":7}},"type":"if","locations":[{"start":{"line":40,"column":6},"end":{"line":42,"column":7}},{"start":{"line":40,"column":6},"end":{"line":42,"column":7}}],"line":40},"7":{"loc":{"start":{"line":46,"column":6},"end":{"line":50,"column":7}},"type":"if","locations":[{"start":{"line":46,"column":6},"end":{"line":50,"column":7}},{"start":{"line":46,"column":6},"end":{"line":50,"column":7}}],"line":46},"8":{"loc":{"start":{"line":49,"column":30},"end":{"line":49,"column":57}},"type":"binary-expr","locations":[{"start":{"line":49,"column":30},"end":{"line":49,"column":38}},{"start":{"line":49,"column":42},"end":{"line":49,"column":57}}],"line":49}},"s":{"0":2,"1":6,"2":3,"3":3,"4":3,"5":3,"6":3,"7":0,"8":3,"9":1,"10":2,"11":4,"12":2,"13":6,"14":6,"15":4,"16":4,"17":0,"18":4,"19":3,"20":1},"f":{"0":6,"1":4,"2":6,"3":4,"4":4},"b":{"0":[3,3],"1":[0,3],"2":[1,2],"3":[3],"4":[6,0],"5":[3,3],"6":[4,0],"7":[3,1],"8":[1,0]},"_coverageSchema":"332fd63041d2c1bcb487cc26dd0d5f7d97098a6c","hash":"b21e41fae06b6337a5a4a8f0410ae519deab42bf"}
}
