TN:
SF:/Users/ratel/code/native/yiweimatou/js/configureStore.js
FN:9,_interopRequireDefault
FN:9,configureStore
FN:20,(anonymous_2)
FNF:3
FNH:0
FNDA:0,_interopRequireDefault
FNDA:0,configureStore
FNDA:0,(anonymous_2)
DA:1,0
DA:9,0
DA:10,0
DA:11,0
DA:19,0
DA:20,0
DA:21,0
DA:22,0
DA:26,0
DA:28,0
LF:10
LH:0
BRDA:9,0,0,0
BRDA:9,0,1,0
BRDA:9,1,0,0
BRDA:9,1,1,0
BRDA:19,2,0,0
BRDA:19,2,1,0
BRF:6
BRH:0
end_of_record
TN:
SF:/Users/ratel/code/native/yiweimatou/js/index.js
FN:2,_interopRequireDefault
FN:4,(anonymous_1)
FNF:2
FNH:0
FNDA:0,_interopRequireDefault
FNDA:0,(anonymous_1)
DA:1,0
DA:2,0
DA:4,0
LF:3
LH:0
BRDA:2,0,0,0
BRDA:2,0,1,0
BRDA:2,1,0,0
BRDA:2,1,1,0
BRF:4
BRH:0
end_of_record
TN:
SF:/Users/ratel/code/native/yiweimatou/js/actions/index.js
FN:5,createRequestType
FN:6,(anonymous_1)
FNF:2
FNH:2
FNDA:10,createRequestType
FNDA:30,(anonymous_1)
DA:1,4
DA:2,4
DA:3,4
DA:6,10
DA:7,30
DA:8,30
LF:6
LH:6
BRF:0
BRH:0
end_of_record
TN:
SF:/Users/ratel/code/native/yiweimatou/js/actions/auth/index.js
FN:9,(anonymous_0)
FN:14,(anonymous_1)
FN:19,(anonymous_2)
FN:24,(anonymous_3)
FN:29,(anonymous_4)
FN:34,(anonymous_5)
FN:39,(anonymous_6)
FN:43,(anonymous_7)
FN:47,(anonymous_8)
FNF:9
FNH:9
FNDA:2,(anonymous_0)
FNDA:2,(anonymous_1)
FNDA:2,(anonymous_2)
FNDA:3,(anonymous_3)
FNDA:4,(anonymous_4)
FNDA:2,(anonymous_5)
FNDA:2,(anonymous_6)
FNDA:2,(anonymous_7)
FNDA:2,(anonymous_8)
DA:3,3
DA:5,3
DA:7,3
DA:9,3
DA:14,3
DA:19,3
DA:24,3
DA:29,4
DA:34,3
DA:39,3
DA:43,3
DA:47,3
LF:12
LH:12
BRF:0
BRH:0
end_of_record
TN:
SF:/Users/ratel/code/native/yiweimatou/js/components/App/index.js
FN:5,_interopRequireDefault
FN:7,App
FN:24,(anonymous_2)
FNF:3
FNH:0
FNDA:0,_interopRequireDefault
FNDA:0,App
FNDA:0,(anonymous_2)
DA:1,0
DA:2,0
DA:3,0
DA:4,0
DA:5,0
DA:7,0
DA:8,0
DA:9,0
DA:12,0
DA:15,0
DA:19,0
DA:24,0
LF:12
LH:0
BRDA:5,0,0,0
BRDA:5,0,1,0
BRDA:5,1,0,0
BRDA:5,1,1,0
BRDA:8,2,0,0
BRDA:8,2,1,0
BRF:6
BRH:0
end_of_record
TN:
SF:/Users/ratel/code/native/yiweimatou/js/components/Login/index.js
FN:2,_interopRequireDefault
FN:12,Login
FNF:2
FNH:0
FNDA:0,_interopRequireDefault
FNDA:0,Login
DA:1,0
DA:2,0
DA:12,0
DA:13,0
DA:30,0
LF:5
LH:0
BRDA:2,0,0,0
BRDA:2,0,1,0
BRDA:2,1,0,0
BRDA:2,1,1,0
BRF:4
BRH:0
end_of_record
TN:
SF:/Users/ratel/code/native/yiweimatou/js/components/Root/index.js
FN:5,_interopRequireDefault
FN:9,Root
FNF:2
FNH:0
FNDA:0,_interopRequireDefault
FNDA:0,Root
DA:1,0
DA:2,0
DA:3,0
DA:4,0
DA:5,0
DA:7,0
DA:8,0
DA:9,0
DA:11,0
LF:9
LH:0
BRDA:5,0,0,0
BRDA:5,0,1,0
BRDA:5,1,0,0
BRDA:5,1,1,0
BRF:4
BRH:0
end_of_record
TN:
SF:/Users/ratel/code/native/yiweimatou/js/reducers/index.js
FN:2,_interopRequireDefault
FNF:1
FNH:0
FNDA:0,_interopRequireDefault
DA:1,0
DA:2,0
DA:4,0
DA:5,0
LF:4
LH:0
BRDA:2,0,0,0
BRDA:2,0,1,0
BRDA:2,1,0,0
BRDA:2,1,1,0
BRF:4
BRH:0
end_of_record
TN:
SF:/Users/ratel/code/native/yiweimatou/js/reducers/auth/index.js
FN:12,authReducer
FNF:1
FNH:1
FNDA:10,authReducer
DA:4,1
DA:13,10
DA:16,2
DA:22,2
DA:31,2
DA:36,1
DA:41,1
DA:43,1
DA:48,1
LF:9
LH:9
BRDA:12,0,0,1
BRDA:13,1,0,1
BRDA:13,1,1,2
BRDA:13,1,2,1
BRDA:13,1,3,2
BRDA:13,1,4,1
BRDA:13,1,5,2
BRDA:13,1,6,1
BRDA:13,1,7,1
BRDA:13,1,8,1
BRDA:13,1,9,1
BRF:11
BRH:11
end_of_record
TN:
SF:/Users/ratel/code/native/yiweimatou/js/sagas/index.js
FN:2,_interopRequireDefault
FN:4,_toConsumableArray
FN:4,rootSaga
FN:4,rootSaga$
FNF:4
FNH:0
FNDA:0,_interopRequireDefault
FNDA:0,_toConsumableArray
FNDA:0,rootSaga
FNDA:0,rootSaga$
DA:1,0
DA:2,0
DA:4,0
DA:6,0
LF:4
LH:0
BRDA:2,0,0,0
BRDA:2,0,1,0
BRDA:2,1,0,0
BRDA:2,1,1,0
BRDA:4,2,0,0
BRDA:4,2,1,0
BRDA:4,3,0,0
BRDA:4,3,1,0
BRDA:4,3,2,0
BRF:9
BRH:0
end_of_record
TN:
SF:/Users/ratel/code/native/yiweimatou/js/sagas/auth/index.js
FN:6,login
FN:15,watchLogin
FN:22,authSaga
FNF:3
FNH:2
FNDA:2,login
FNDA:1,watchLogin
FNDA:0,authSaga
DA:7,2
DA:8,2
DA:9,1
DA:11,0
DA:16,1
DA:17,1
DA:18,1
DA:23,0
LF:8
LH:6
BRF:0
BRH:0
end_of_record
TN:
SF:/Users/ratel/code/native/yiweimatou/js/services/api.js
FN:6,object2String
FN:18,(anonymous_1)
FN:25,callApi
FN:39,(anonymous_3)
FN:45,(anonymous_4)
FNF:5
FNH:5
FNDA:6,object2String
FNDA:4,(anonymous_1)
FNDA:6,callApi
FNDA:4,(anonymous_3)
FNDA:4,(anonymous_4)
DA:4,2
DA:7,6
DA:8,3
DA:10,3
DA:11,3
DA:12,3
DA:13,3
DA:14,0
DA:15,3
DA:16,1
DA:18,2
DA:19,4
DA:21,2
DA:27,6
DA:29,6
DA:40,4
DA:41,4
DA:43,0
DA:46,4
DA:47,3
DA:49,1
LF:21
LH:19
BRDA:7,0,0,3
BRDA:7,0,1,3
BRDA:13,1,0,0
BRDA:13,1,1,3
BRDA:15,2,0,1
BRDA:15,2,1,2
BRDA:25,3,0,3
BRDA:27,4,0,6
BRDA:27,4,1,0
BRDA:33,5,0,3
BRDA:33,5,1,3
BRDA:40,6,0,4
BRDA:40,6,1,0
BRDA:46,7,0,3
BRDA:46,7,1,1
BRDA:49,8,0,1
BRDA:49,8,1,0
BRF:17
BRH:13
end_of_record
